# JRE version: Java(TM) SE Runtime Environment (8.0_25-b18) (build 1.8.0_25-b18)
# Java VM: Java HotSpot(TM) 64-Bit Server VM (25.25-b02 mixed mode windows-amd64 compressed oops)
Heap:
 PSYoungGen      total 71168K, used 30099K [0x00000000f5580000, 0x00000000fb800000, 0x0000000100000000)
  eden space 59904K, 50% used [0x00000000f5580000,0x00000000f72e4f40,0x00000000f9000000)
  from space 11264K, 0% used [0x00000000f9000000,0x00000000f9000000,0x00000000f9b00000)
  to   space 11264K, 0% used [0x00000000fad00000,0x00000000fad00000,0x00000000fb800000)
 ParOldGen       total 63488K, used 14358K [0x00000000e0000000, 0x00000000e3e00000, 0x00000000f5580000)
  object space 63488K, 22% used [0x00000000e0000000,0x00000000e0e05968,0x00000000e3e00000)
 Metaspace       used 34563K, capacity 37066K, committed 37336K, reserved 1081344K
  class space    used 3761K, capacity 4542K, committed 4568K, reserved 1048576K
GC Heap History (10 events):
Event: 6.689 GC heap before
{Heap before GC invocations=7 (full 1):
 PSYoungGen      total 35328K, used 35322K [0x00000000f5580000, 0x00000000f9880000, 0x0000000100000000)
  eden space 32768K, 100% used [0x00000000f5580000,0x00000000f7580000,0x00000000f7580000)
  from space 2560K, 99% used [0x00000000f7580000,0x00000000f77fe9a8,0x00000000f7800000)
  to   space 12288K, 0% used [0x00000000f8c80000,0x00000000f8c80000,0x00000000f9880000)
 ParOldGen       total 46080K, used 20365K [0x00000000e0000000, 0x00000000e2d00000, 0x00000000f5580000)
  object space 46080K, 44% used [0x00000000e0000000,0x00000000e13e3498,0x00000000e2d00000)
 Metaspace       used 30523K, capacity 33026K, committed 33152K, reserved 1079296K
  class space    used 3446K, capacity 4173K, committed 4224K, reserved 1048576K
Event: 6.693 GC heap after
Heap after GC invocations=7 (full 1):
 PSYoungGen      total 55296K, used 4948K [0x00000000f5580000, 0x00000000f9780000, 0x0000000100000000)
  eden space 44032K, 0% used [0x00000000f5580000,0x00000000f5580000,0x00000000f8080000)
  from space 11264K, 43% used [0x00000000f8c80000,0x00000000f9155340,0x00000000f9780000)
  to   space 11776K, 0% used [0x00000000f8080000,0x00000000f8080000,0x00000000f8c00000)
 ParOldGen       total 46080K, used 20373K [0x00000000e0000000, 0x00000000e2d00000, 0x00000000f5580000)
  object space 46080K, 44% used [0x00000000e0000000,0x00000000e13e5498,0x00000000e2d00000)
 Metaspace       used 30523K, capacity 33026K, committed 33152K, reserved 1079296K
  class space    used 3446K, capacity 4173K, committed 4224K, reserved 1048576K
}
Event: 7.074 GC heap before
{Heap before GC invocations=8 (full 1):
 PSYoungGen      total 55296K, used 48980K [0x00000000f5580000, 0x00000000f9780000, 0x0000000100000000)
  eden space 44032K, 100% used [0x00000000f5580000,0x00000000f8080000,0x00000000f8080000)
  from space 11264K, 43% used [0x00000000f8c80000,0x00000000f9155340,0x00000000f9780000)
  to   space 11776K, 0% used [0x00000000f8080000,0x00000000f8080000,0x00000000f8c00000)
 ParOldGen       total 46080K, used 20373K [0x00000000e0000000, 0x00000000e2d00000, 0x00000000f5580000)
  object space 46080K, 44% used [0x00000000e0000000,0x00000000e13e5498,0x00000000e2d00000)
 Metaspace       used 30793K, capacity 33250K, committed 33408K, reserved 1079296K
  class space    used 3456K, capacity 4205K, committed 4224K, reserved 1048576K
Event: 7.078 GC heap after
Heap after GC invocations=8 (full 1):
 PSYoungGen      total 55808K, used 4087K [0x00000000f5580000, 0x00000000fa680000, 0x0000000100000000)
  eden space 44032K, 0% used [0x00000000f5580000,0x00000000f5580000,0x00000000f8080000)
  from space 11776K, 34% used [0x00000000f8080000,0x00000000f847df20,0x00000000f8c00000)
  to   space 11776K, 0% used [0x00000000f9b00000,0x00000000f9b00000,0x00000000fa680000)
 ParOldGen       total 46080K, used 20381K [0x00000000e0000000, 0x00000000e2d00000, 0x00000000f5580000)
  object space 46080K, 44% used [0x00000000e0000000,0x00000000e13e7498,0x00000000e2d00000)
 Metaspace       used 30793K, capacity 33250K, committed 33408K, reserved 1079296K
  class space    used 3456K, capacity 4205K, committed 4224K, reserved 1048576K
}
Event: 7.419 GC heap before
{Heap before GC invocations=9 (full 1):
 PSYoungGen      total 55808K, used 48119K [0x00000000f5580000, 0x00000000fa680000, 0x0000000100000000)
  eden space 44032K, 100% used [0x00000000f5580000,0x00000000f8080000,0x00000000f8080000)
  from space 11776K, 34% used [0x00000000f8080000,0x00000000f847df20,0x00000000f8c00000)
  to   space 11776K, 0% used [0x00000000f9b00000,0x00000000f9b00000,0x00000000fa680000)
 ParOldGen       total 46080K, used 20381K [0x00000000e0000000, 0x00000000e2d00000, 0x00000000f5580000)
  object space 46080K, 44% used [0x00000000e0000000,0x00000000e13e7498,0x00000000e2d00000)
 Metaspace       used 31073K, capacity 33442K, committed 33664K, reserved 1079296K
  class space    used 3463K, capacity 4205K, committed 4224K, reserved 1048576K
Event: 7.424 GC heap after
Heap after GC invocations=9 (full 1):
 PSYoungGen      total 71168K, used 4754K [0x00000000f5580000, 0x00000000fa600000, 0x0000000100000000)
  eden space 59904K, 0% used [0x00000000f5580000,0x00000000f5580000,0x00000000f9000000)
  from space 11264K, 42% used [0x00000000f9b00000,0x00000000f9fa48f8,0x00000000fa600000)
  to   space 11264K, 0% used [0x00000000f9000000,0x00000000f9000000,0x00000000f9b00000)
 ParOldGen       total 46080K, used 20389K [0x00000000e0000000, 0x00000000e2d00000, 0x00000000f5580000)
  object space 46080K, 44% used [0x00000000e0000000,0x00000000e13e9498,0x00000000e2d00000)
 Metaspace       used 31073K, capacity 33442K, committed 33664K, reserved 1079296K
  class space    used 3463K, capacity 4205K, committed 4224K, reserved 1048576K
}
Event: 7.855 GC heap before
{Heap before GC invocations=10 (full 1):
 PSYoungGen      total 71168K, used 36695K [0x00000000f5580000, 0x00000000fa600000, 0x0000000100000000)
  eden space 59904K, 53% used [0x00000000f5580000,0x00000000f74b1330,0x00000000f9000000)
  from space 11264K, 42% used [0x00000000f9b00000,0x00000000f9fa48f8,0x00000000fa600000)
  to   space 11264K, 0% used [0x00000000f9000000,0x00000000f9000000,0x00000000f9b00000)
 ParOldGen       total 46080K, used 20389K [0x00000000e0000000, 0x00000000e2d00000, 0x00000000f5580000)
  object space 46080K, 44% used [0x00000000e0000000,0x00000000e13e9498,0x00000000e2d00000)
 Metaspace       used 32857K, capacity 35290K, committed 35416K, reserved 1081344K
  class space    used 3599K, capacity 4376K, committed 4440K, reserved 1048576K
Event: 7.874 GC heap after
Heap after GC invocations=10 (full 1):
 PSYoungGen      total 71168K, used 7123K [0x00000000f5580000, 0x00000000fb800000, 0x0000000100000000)
  eden space 59904K, 0% used [0x00000000f5580000,0x00000000f5580000,0x00000000f9000000)
  from space 11264K, 63% used [0x00000000f9000000,0x00000000f96f4f68,0x00000000f9b00000)
  to   space 11264K, 0% used [0x00000000fad00000,0x00000000fad00000,0x00000000fb800000)
 ParOldGen       total 46080K, used 20397K [0x00000000e0000000, 0x00000000e2d00000, 0x00000000f5580000)
  object space 46080K, 44% used [0x00000000e0000000,0x00000000e13eb498,0x00000000e2d00000)
 Metaspace       used 32857K, capacity 35290K, committed 35416K, reserved 1081344K
  class space    used 3599K, capacity 4376K, committed 4440K, reserved 1048576K
}
Event: 7.874 GC heap before
{Heap before GC invocations=11 (full 2):
 PSYoungGen      total 71168K, used 7123K [0x00000000f5580000, 0x00000000fb800000, 0x0000000100000000)
  eden space 59904K, 0% used [0x00000000f5580000,0x00000000f5580000,0x00000000f9000000)
  from space 11264K, 63% used [0x00000000f9000000,0x00000000f96f4f68,0x00000000f9b00000)
  to   space 11264K, 0% used [0x00000000fad00000,0x00000000fad00000,0x00000000fb800000)
 ParOldGen       total 46080K, used 20397K [0x00000000e0000000, 0x00000000e2d00000, 0x00000000f5580000)
  object space 46080K, 44% used [0x00000000e0000000,0x00000000e13eb498,0x00000000e2d00000)
 Metaspace       used 32857K, capacity 35290K, committed 35416K, reserved 1081344K
  class space    used 3599K, capacity 4376K, committed 4440K, reserved 1048576K
Event: 7.954 GC heap after
Heap after GC invocations=11 (full 2):
 PSYoungGen      total 71168K, used 0K [0x00000000f5580000, 0x00000000fb800000, 0x0000000100000000)
  eden space 59904K, 0% used [0x00000000f5580000,0x00000000f5580000,0x00000000f9000000)
  from space 11264K, 0% used [0x00000000f9000000,0x00000000f9000000,0x00000000f9b00000)
  to   space 11264K, 0% used [0x00000000fad00000,0x00000000fad00000,0x00000000fb800000)
 ParOldGen       total 63488K, used 14358K [0x00000000e0000000, 0x00000000e3e00000, 0x00000000f5580000)
  object space 63488K, 22% used [0x00000000e0000000,0x00000000e0e05968,0x00000000e3e00000)
 Metaspace       used 32857K, capacity 35290K, committed 35416K, reserved 1081344K
  class space    used 3599K, capacity 4376K, committed 4440K, reserved 1048576K
}

