# JRE version: Java(TM) SE Runtime Environment (8.0_25-b18) (build 1.8.0_25-b18)
# Java VM: Java HotSpot(TM) 64-Bit Server VM (25.25-b02 mixed mode windows-amd64 compressed oops)
Heap:
 PSYoungGen      total 82432K, used 30693K [0x00000000f5580000, 0x00000000fc480000, 0x0000000100000000)
  eden space 71168K, 43% used [0x00000000f5580000,0x00000000f73794a0,0x00000000f9b00000)
  from space 11264K, 0% used [0x00000000f9b00000,0x00000000f9b00000,0x00000000fa600000)
  to   space 11264K, 0% used [0x00000000fb980000,0x00000000fb980000,0x00000000fc480000)
 ParOldGen       total 59392K, used 15164K [0x00000000e0000000, 0x00000000e3a00000, 0x00000000f5580000)
  object space 59392K, 25% used [0x00000000e0000000,0x00000000e0ecf188,0x00000000e3a00000)
 Metaspace       used 34568K, capacity 37130K, committed 37336K, reserved 1081344K
  class space    used 3762K, capacity 4542K, committed 4568K, reserved 1048576K
GC Heap History (10 events):
Event: 6.120 GC heap before
{Heap before GC invocations=7 (full 1):
 PSYoungGen      total 35328K, used 35324K [0x00000000f5580000, 0x00000000f9d00000, 0x0000000100000000)
  eden space 32768K, 100% used [0x00000000f5580000,0x00000000f7580000,0x00000000f7580000)
  from space 2560K, 99% used [0x00000000f7580000,0x00000000f77ff0a8,0x00000000f7800000)
  to   space 12288K, 0% used [0x00000000f9100000,0x00000000f9100000,0x00000000f9d00000)
 ParOldGen       total 44032K, used 20438K [0x00000000e0000000, 0x00000000e2b00000, 0x00000000f5580000)
  object space 44032K, 46% used [0x00000000e0000000,0x00000000e13f5888,0x00000000e2b00000)
 Metaspace       used 30505K, capacity 33026K, committed 33152K, reserved 1079296K
  class space    used 3447K, capacity 4173K, committed 4224K, reserved 1048576K
Event: 6.124 GC heap after
Heap after GC invocations=7 (full 1):
 PSYoungGen      total 56832K, used 4902K [0x00000000f5580000, 0x00000000f9a80000, 0x0000000100000000)
  eden space 47104K, 0% used [0x00000000f5580000,0x00000000f5580000,0x00000000f8380000)
  from space 9728K, 50% used [0x00000000f9100000,0x00000000f95c98d8,0x00000000f9a80000)
  to   space 11776K, 0% used [0x00000000f8380000,0x00000000f8380000,0x00000000f8f00000)
 ParOldGen       total 44032K, used 20446K [0x00000000e0000000, 0x00000000e2b00000, 0x00000000f5580000)
  object space 44032K, 46% used [0x00000000e0000000,0x00000000e13f7888,0x00000000e2b00000)
 Metaspace       used 30505K, capacity 33026K, committed 33152K, reserved 1079296K
  class space    used 3447K, capacity 4173K, committed 4224K, reserved 1048576K
}
Event: 6.537 GC heap before
{Heap before GC invocations=8 (full 1):
 PSYoungGen      total 56832K, used 52006K [0x00000000f5580000, 0x00000000f9a80000, 0x0000000100000000)
  eden space 47104K, 100% used [0x00000000f5580000,0x00000000f8380000,0x00000000f8380000)
  from space 9728K, 50% used [0x00000000f9100000,0x00000000f95c98d8,0x00000000f9a80000)
  to   space 11776K, 0% used [0x00000000f8380000,0x00000000f8380000,0x00000000f8f00000)
 ParOldGen       total 44032K, used 20446K [0x00000000e0000000, 0x00000000e2b00000, 0x00000000f5580000)
  object space 44032K, 46% used [0x00000000e0000000,0x00000000e13f7888,0x00000000e2b00000)
 Metaspace       used 30800K, capacity 33250K, committed 33408K, reserved 1079296K
  class space    used 3457K, capacity 4205K, committed 4224K, reserved 1048576K
Event: 6.559 GC heap after
Heap after GC invocations=8 (full 1):
 PSYoungGen      total 58880K, used 4590K [0x00000000f5580000, 0x00000000fb280000, 0x0000000100000000)
  eden space 47104K, 0% used [0x00000000f5580000,0x00000000f5580000,0x00000000f8380000)
  from space 11776K, 38% used [0x00000000f8380000,0x00000000f87fb830,0x00000000f8f00000)
  to   space 11776K, 0% used [0x00000000fa700000,0x00000000fa700000,0x00000000fb280000)
 ParOldGen       total 44032K, used 20454K [0x00000000e0000000, 0x00000000e2b00000, 0x00000000f5580000)
  object space 44032K, 46% used [0x00000000e0000000,0x00000000e13f9888,0x00000000e2b00000)
 Metaspace       used 30800K, capacity 33250K, committed 33408K, reserved 1079296K
  class space    used 3457K, capacity 4205K, committed 4224K, reserved 1048576K
}
Event: 6.929 GC heap before
{Heap before GC invocations=9 (full 1):
 PSYoungGen      total 58880K, used 51694K [0x00000000f5580000, 0x00000000fb280000, 0x0000000100000000)
  eden space 47104K, 100% used [0x00000000f5580000,0x00000000f8380000,0x00000000f8380000)
  from space 11776K, 38% used [0x00000000f8380000,0x00000000f87fb830,0x00000000f8f00000)
  to   space 11776K, 0% used [0x00000000fa700000,0x00000000fa700000,0x00000000fb280000)
 ParOldGen       total 44032K, used 20454K [0x00000000e0000000, 0x00000000e2b00000, 0x00000000f5580000)
  object space 44032K, 46% used [0x00000000e0000000,0x00000000e13f9888,0x00000000e2b00000)
 Metaspace       used 31093K, capacity 33506K, committed 33664K, reserved 1079296K
  class space    used 3465K, capacity 4205K, committed 4224K, reserved 1048576K
Event: 6.938 GC heap after
Heap after GC invocations=9 (full 1):
 PSYoungGen      total 81408K, used 5316K [0x00000000f5580000, 0x00000000fb100000, 0x0000000100000000)
  eden space 71168K, 0% used [0x00000000f5580000,0x00000000f5580000,0x00000000f9b00000)
  from space 10240K, 51% used [0x00000000fa700000,0x00000000fac312e0,0x00000000fb100000)
  to   space 11264K, 0% used [0x00000000f9b00000,0x00000000f9b00000,0x00000000fa600000)
 ParOldGen       total 44032K, used 20462K [0x00000000e0000000, 0x00000000e2b00000, 0x00000000f5580000)
  object space 44032K, 46% used [0x00000000e0000000,0x00000000e13fb888,0x00000000e2b00000)
 Metaspace       used 31093K, capacity 33506K, committed 33664K, reserved 1079296K
  class space    used 3465K, capacity 4205K, committed 4224K, reserved 1048576K
}
Event: 7.721 GC heap before
{Heap before GC invocations=10 (full 1):
 PSYoungGen      total 81408K, used 31676K [0x00000000f5580000, 0x00000000fb100000, 0x0000000100000000)
  eden space 71168K, 37% used [0x00000000f5580000,0x00000000f6f3ded8,0x00000000f9b00000)
  from space 10240K, 51% used [0x00000000fa700000,0x00000000fac312e0,0x00000000fb100000)
  to   space 11264K, 0% used [0x00000000f9b00000,0x00000000f9b00000,0x00000000fa600000)
 ParOldGen       total 44032K, used 20462K [0x00000000e0000000, 0x00000000e2b00000, 0x00000000f5580000)
  object space 44032K, 46% used [0x00000000e0000000,0x00000000e13fb888,0x00000000e2b00000)
 Metaspace       used 32831K, capacity 35290K, committed 35416K, reserved 1081344K
  class space    used 3600K, capacity 4376K, committed 4440K, reserved 1048576K
Event: 7.726 GC heap after
Heap after GC invocations=10 (full 1):
 PSYoungGen      total 82432K, used 7059K [0x00000000f5580000, 0x00000000fc480000, 0x0000000100000000)
  eden space 71168K, 0% used [0x00000000f5580000,0x00000000f5580000,0x00000000f9b00000)
  from space 11264K, 62% used [0x00000000f9b00000,0x00000000fa1e4f08,0x00000000fa600000)
  to   space 11264K, 0% used [0x00000000fb980000,0x00000000fb980000,0x00000000fc480000)
 ParOldGen       total 44032K, used 20470K [0x00000000e0000000, 0x00000000e2b00000, 0x00000000f5580000)
  object space 44032K, 46% used [0x00000000e0000000,0x00000000e13fd888,0x00000000e2b00000)
 Metaspace       used 32831K, capacity 35290K, committed 35416K, reserved 1081344K
  class space    used 3600K, capacity 4376K, committed 4440K, reserved 1048576K
}
Event: 7.726 GC heap before
{Heap before GC invocations=11 (full 2):
 PSYoungGen      total 82432K, used 7059K [0x00000000f5580000, 0x00000000fc480000, 0x0000000100000000)
  eden space 71168K, 0% used [0x00000000f5580000,0x00000000f5580000,0x00000000f9b00000)
  from space 11264K, 62% used [0x00000000f9b00000,0x00000000fa1e4f08,0x00000000fa600000)
  to   space 11264K, 0% used [0x00000000fb980000,0x00000000fb980000,0x00000000fc480000)
 ParOldGen       total 44032K, used 20470K [0x00000000e0000000, 0x00000000e2b00000, 0x00000000f5580000)
  object space 44032K, 46% used [0x00000000e0000000,0x00000000e13fd888,0x00000000e2b00000)
 Metaspace       used 32831K, capacity 35290K, committed 35416K, reserved 1081344K
  class space    used 3600K, capacity 4376K, committed 4440K, reserved 1048576K
Event: 7.773 GC heap after
Heap after GC invocations=11 (full 2):
 PSYoungGen      total 82432K, used 0K [0x00000000f5580000, 0x00000000fc480000, 0x0000000100000000)
  eden space 71168K, 0% used [0x00000000f5580000,0x00000000f5580000,0x00000000f9b00000)
  from space 11264K, 0% used [0x00000000f9b00000,0x00000000f9b00000,0x00000000fa600000)
  to   space 11264K, 0% used [0x00000000fb980000,0x00000000fb980000,0x00000000fc480000)
 ParOldGen       total 59392K, used 15164K [0x00000000e0000000, 0x00000000e3a00000, 0x00000000f5580000)
  object space 59392K, 25% used [0x00000000e0000000,0x00000000e0ecf188,0x00000000e3a00000)
 Metaspace       used 32831K, capacity 35290K, committed 35416K, reserved 1081344K
  class space    used 3600K, capacity 4376K, committed 4440K, reserved 1048576K
}

