# JRE version: Java(TM) SE Runtime Environment (8.0_25-b18) (build 1.8.0_25-b18)
# Java VM: Java HotSpot(TM) 64-Bit Server VM (25.25-b02 mixed mode windows-amd64 compressed oops)
Heap:
 PSYoungGen      total 78848K, used 28829K [0x00000000f5580000, 0x00000000fb000000, 0x0000000100000000)
  eden space 70144K, 33% used [0x00000000f5580000,0x00000000f6c6e710,0x00000000f9a00000)
  from space 8704K, 61% used [0x00000000fa780000,0x00000000facb9050,0x00000000fb000000)
  to   space 11264K, 0% used [0x00000000f9a00000,0x00000000f9a00000,0x00000000fa500000)
 ParOldGen       total 44032K, used 20353K [0x00000000e0000000, 0x00000000e2b00000, 0x00000000f5580000)
  object space 44032K, 46% used [0x00000000e0000000,0x00000000e13e0568,0x00000000e2b00000)
 Metaspace       used 32023K, capacity 34484K, committed 34816K, reserved 1079296K
  class space    used 3543K, capacity 4283K, committed 4352K, reserved 1048576K
GC Heap History (10 events):
Event: 1.868 GC heap before
{Heap before GC invocations=5 (full 1):
 PSYoungGen      total 35328K, used 2553K [0x00000000f5580000, 0x00000000f7a80000, 0x0000000100000000)
  eden space 32768K, 0% used [0x00000000f5580000,0x00000000f5580000,0x00000000f7580000)
  from space 2560K, 99% used [0x00000000f7800000,0x00000000f7a7e630,0x00000000f7a80000)
  to   space 2560K, 0% used [0x00000000f7580000,0x00000000f7580000,0x00000000f7800000)
 ParOldGen       total 44032K, used 13346K [0x00000000e0000000, 0x00000000e2b00000, 0x00000000f5580000)
  object space 44032K, 30% used [0x00000000e0000000,0x00000000e0d088b8,0x00000000e2b00000)
 Metaspace       used 19270K, capacity 21138K, committed 21248K, reserved 1067008K
  class space    used 2154K, capacity 2766K, committed 2816K, reserved 1048576K
Event: 1.923 GC heap after
Heap after GC invocations=5 (full 1):
 PSYoungGen      total 35328K, used 0K [0x00000000f5580000, 0x00000000f7a80000, 0x0000000100000000)
  eden space 32768K, 0% used [0x00000000f5580000,0x00000000f5580000,0x00000000f7580000)
  from space 2560K, 0% used [0x00000000f7800000,0x00000000f7800000,0x00000000f7a80000)
  to   space 2560K, 0% used [0x00000000f7580000,0x00000000f7580000,0x00000000f7800000)
 ParOldGen       total 44032K, used 12280K [0x00000000e0000000, 0x00000000e2b00000, 0x00000000f5580000)
  object space 44032K, 27% used [0x00000000e0000000,0x00000000e0bfe160,0x00000000e2b00000)
 Metaspace       used 19270K, capacity 21138K, committed 21248K, reserved 1067008K
  class space    used 2154K, capacity 2766K, committed 2816K, reserved 1048576K
}
Event: 5.681 GC heap before
{Heap before GC invocations=6 (full 1):
 PSYoungGen      total 35328K, used 32768K [0x00000000f5580000, 0x00000000f7a80000, 0x0000000100000000)
  eden space 32768K, 100% used [0x00000000f5580000,0x00000000f7580000,0x00000000f7580000)
  from space 2560K, 0% used [0x00000000f7800000,0x00000000f7800000,0x00000000f7a80000)
  to   space 2560K, 0% used [0x00000000f7580000,0x00000000f7580000,0x00000000f7800000)
 ParOldGen       total 44032K, used 12280K [0x00000000e0000000, 0x00000000e2b00000, 0x00000000f5580000)
  object space 44032K, 27% used [0x00000000e0000000,0x00000000e0bfe160,0x00000000e2b00000)
 Metaspace       used 28819K, capacity 31258K, committed 31488K, reserved 1077248K
  class space    used 3317K, capacity 4013K, committed 4096K, reserved 1048576K
Event: 5.686 GC heap after
Heap after GC invocations=6 (full 1):
 PSYoungGen      total 35328K, used 2557K [0x00000000f5580000, 0x00000000f9c80000, 0x0000000100000000)
  eden space 32768K, 0% used [0x00000000f5580000,0x00000000f5580000,0x00000000f7580000)
  from space 2560K, 99% used [0x00000000f7580000,0x00000000f77ff428,0x00000000f7800000)
  to   space 12288K, 0% used [0x00000000f9080000,0x00000000f9080000,0x00000000f9c80000)
 ParOldGen       total 44032K, used 20329K [0x00000000e0000000, 0x00000000e2b00000, 0x00000000f5580000)
  object space 44032K, 46% used [0x00000000e0000000,0x00000000e13da568,0x00000000e2b00000)
 Metaspace       used 28819K, capacity 31258K, committed 31488K, reserved 1077248K
  class space    used 3317K, capacity 4013K, committed 4096K, reserved 1048576K
}
Event: 6.136 GC heap before
{Heap before GC invocations=7 (full 1):
 PSYoungGen      total 35328K, used 35325K [0x00000000f5580000, 0x00000000f9c80000, 0x0000000100000000)
  eden space 32768K, 100% used [0x00000000f5580000,0x00000000f7580000,0x00000000f7580000)
  from space 2560K, 99% used [0x00000000f7580000,0x00000000f77ff428,0x00000000f7800000)
  to   space 12288K, 0% used [0x00000000f9080000,0x00000000f9080000,0x00000000f9c80000)
 ParOldGen       total 44032K, used 20329K [0x00000000e0000000, 0x00000000e2b00000, 0x00000000f5580000)
  object space 44032K, 46% used [0x00000000e0000000,0x00000000e13da568,0x00000000e2b00000)
 Metaspace       used 30498K, capacity 33018K, committed 33152K, reserved 1079296K
  class space    used 3444K, capacity 4173K, committed 4224K, reserved 1048576K
Event: 6.144 GC heap after
Heap after GC invocations=7 (full 1):
 PSYoungGen      total 58368K, used 4723K [0x00000000f5580000, 0x00000000f9b00000, 0x0000000100000000)
  eden space 47616K, 0% used [0x00000000f5580000,0x00000000f5580000,0x00000000f8400000)
  from space 10752K, 43% used [0x00000000f9080000,0x00000000f951cdb0,0x00000000f9b00000)
  to   space 11776K, 0% used [0x00000000f8400000,0x00000000f8400000,0x00000000f8f80000)
 ParOldGen       total 44032K, used 20337K [0x00000000e0000000, 0x00000000e2b00000, 0x00000000f5580000)
  object space 44032K, 46% used [0x00000000e0000000,0x00000000e13dc568,0x00000000e2b00000)
 Metaspace       used 30498K, capacity 33018K, committed 33152K, reserved 1079296K
  class space    used 3444K, capacity 4173K, committed 4224K, reserved 1048576K
}
Event: 6.546 GC heap before
{Heap before GC invocations=8 (full 1):
 PSYoungGen      total 58368K, used 52339K [0x00000000f5580000, 0x00000000f9b00000, 0x0000000100000000)
  eden space 47616K, 100% used [0x00000000f5580000,0x00000000f8400000,0x00000000f8400000)
  from space 10752K, 43% used [0x00000000f9080000,0x00000000f951cdb0,0x00000000f9b00000)
  to   space 11776K, 0% used [0x00000000f8400000,0x00000000f8400000,0x00000000f8f80000)
 ParOldGen       total 44032K, used 20337K [0x00000000e0000000, 0x00000000e2b00000, 0x00000000f5580000)
  object space 44032K, 46% used [0x00000000e0000000,0x00000000e13dc568,0x00000000e2b00000)
 Metaspace       used 30772K, capacity 33242K, committed 33408K, reserved 1079296K
  class space    used 3454K, capacity 4205K, committed 4224K, reserved 1048576K
Event: 6.568 GC heap after
Heap after GC invocations=8 (full 1):
 PSYoungGen      total 59392K, used 4425K [0x00000000f5580000, 0x00000000fb300000, 0x0000000100000000)
  eden space 47616K, 0% used [0x00000000f5580000,0x00000000f5580000,0x00000000f8400000)
  from space 11776K, 37% used [0x00000000f8400000,0x00000000f8852690,0x00000000f8f80000)
  to   space 11776K, 0% used [0x00000000fa780000,0x00000000fa780000,0x00000000fb300000)
 ParOldGen       total 44032K, used 20345K [0x00000000e0000000, 0x00000000e2b00000, 0x00000000f5580000)
  object space 44032K, 46% used [0x00000000e0000000,0x00000000e13de568,0x00000000e2b00000)
 Metaspace       used 30772K, capacity 33242K, committed 33408K, reserved 1079296K
  class space    used 3454K, capacity 4205K, committed 4224K, reserved 1048576K
}
Event: 6.970 GC heap before
{Heap before GC invocations=9 (full 1):
 PSYoungGen      total 59392K, used 52041K [0x00000000f5580000, 0x00000000fb300000, 0x0000000100000000)
  eden space 47616K, 100% used [0x00000000f5580000,0x00000000f8400000,0x00000000f8400000)
  from space 11776K, 37% used [0x00000000f8400000,0x00000000f8852690,0x00000000f8f80000)
  to   space 11776K, 0% used [0x00000000fa780000,0x00000000fa780000,0x00000000fb300000)
 ParOldGen       total 44032K, used 20345K [0x00000000e0000000, 0x00000000e2b00000, 0x00000000f5580000)
  object space 44032K, 46% used [0x00000000e0000000,0x00000000e13de568,0x00000000e2b00000)
 Metaspace       used 31052K, capacity 33498K, committed 33664K, reserved 1079296K
  class space    used 3461K, capacity 4205K, committed 4224K, reserved 1048576K
Event: 6.976 GC heap after
Heap after GC invocations=9 (full 1):
 PSYoungGen      total 78848K, used 5348K [0x00000000f5580000, 0x00000000fb000000, 0x0000000100000000)
  eden space 70144K, 0% used [0x00000000f5580000,0x00000000f5580000,0x00000000f9a00000)
  from space 8704K, 61% used [0x00000000fa780000,0x00000000facb9050,0x00000000fb000000)
  to   space 11264K, 0% used [0x00000000f9a00000,0x00000000f9a00000,0x00000000fa500000)
 ParOldGen       total 44032K, used 20353K [0x00000000e0000000, 0x00000000e2b00000, 0x00000000f5580000)
  object space 44032K, 46% used [0x00000000e0000000,0x00000000e13e0568,0x00000000e2b00000)
 Metaspace       used 31052K, capacity 33498K, committed 33664K, reserved 1079296K
  class space    used 3461K, capacity 4205K, committed 4224K, reserved 1048576K
}

