# JRE version: Java(TM) SE Runtime Environment (8.0_25-b18) (build 1.8.0_25-b18)
# Java VM: Java HotSpot(TM) 64-Bit Server VM (25.25-b02 mixed mode windows-amd64 compressed oops)
Heap:
 PSYoungGen      total 88064K, used 31537K [0x00000000f5580000, 0x00000000fcd00000, 0x0000000100000000)
  eden space 76800K, 41% used [0x00000000f5580000,0x00000000f744c5c0,0x00000000fa080000)
  from space 11264K, 0% used [0x00000000fa080000,0x00000000fa080000,0x00000000fab80000)
  to   space 10752K, 0% used [0x00000000fc280000,0x00000000fc280000,0x00000000fcd00000)
 ParOldGen       total 55808K, used 14355K [0x00000000e0000000, 0x00000000e3680000, 0x00000000f5580000)
  object space 55808K, 25% used [0x00000000e0000000,0x00000000e0e04ed0,0x00000000e3680000)
 Metaspace       used 34573K, capacity 37066K, committed 37336K, reserved 1081344K
  class space    used 3761K, capacity 4542K, committed 4568K, reserved 1048576K
GC Heap History (10 events):
Event: 6.496 GC heap before
{Heap before GC invocations=7 (full 1):
 PSYoungGen      total 35328K, used 35312K [0x00000000f5580000, 0x00000000f9f80000, 0x0000000100000000)
  eden space 32768K, 100% used [0x00000000f5580000,0x00000000f7580000,0x00000000f7580000)
  from space 2560K, 99% used [0x00000000f7580000,0x00000000f77fc320,0x00000000f7800000)
  to   space 12288K, 0% used [0x00000000f9380000,0x00000000f9380000,0x00000000f9f80000)
 ParOldGen       total 44032K, used 20347K [0x00000000e0000000, 0x00000000e2b00000, 0x00000000f5580000)
  object space 44032K, 46% used [0x00000000e0000000,0x00000000e13ded08,0x00000000e2b00000)
 Metaspace       used 30497K, capacity 32962K, committed 33152K, reserved 1079296K
  class space    used 3446K, capacity 4173K, committed 4224K, reserved 1048576K
Event: 6.499 GC heap after
Heap after GC invocations=7 (full 1):
 PSYoungGen      total 59392K, used 4804K [0x00000000f5580000, 0x00000000f9d00000, 0x0000000100000000)
  eden space 49664K, 0% used [0x00000000f5580000,0x00000000f5580000,0x00000000f8600000)
  from space 9728K, 49% used [0x00000000f9380000,0x00000000f9831080,0x00000000f9d00000)
  to   space 11776K, 0% used [0x00000000f8600000,0x00000000f8600000,0x00000000f9180000)
 ParOldGen       total 44032K, used 20355K [0x00000000e0000000, 0x00000000e2b00000, 0x00000000f5580000)
  object space 44032K, 46% used [0x00000000e0000000,0x00000000e13e0d08,0x00000000e2b00000)
 Metaspace       used 30497K, capacity 32962K, committed 33152K, reserved 1079296K
  class space    used 3446K, capacity 4173K, committed 4224K, reserved 1048576K
}
Event: 6.924 GC heap before
{Heap before GC invocations=8 (full 1):
 PSYoungGen      total 59392K, used 54468K [0x00000000f5580000, 0x00000000f9d00000, 0x0000000100000000)
  eden space 49664K, 100% used [0x00000000f5580000,0x00000000f8600000,0x00000000f8600000)
  from space 9728K, 49% used [0x00000000f9380000,0x00000000f9831080,0x00000000f9d00000)
  to   space 11776K, 0% used [0x00000000f8600000,0x00000000f8600000,0x00000000f9180000)
 ParOldGen       total 44032K, used 20355K [0x00000000e0000000, 0x00000000e2b00000, 0x00000000f5580000)
  object space 44032K, 46% used [0x00000000e0000000,0x00000000e13e0d08,0x00000000e2b00000)
 Metaspace       used 30812K, capacity 33250K, committed 33408K, reserved 1079296K
  class space    used 3456K, capacity 4205K, committed 4224K, reserved 1048576K
Event: 6.940 GC heap after
Heap after GC invocations=8 (full 1):
 PSYoungGen      total 61440K, used 4215K [0x00000000f5580000, 0x00000000fb700000, 0x0000000100000000)
  eden space 49664K, 0% used [0x00000000f5580000,0x00000000f5580000,0x00000000f8600000)
  from space 11776K, 35% used [0x00000000f8600000,0x00000000f8a1df20,0x00000000f9180000)
  to   space 11776K, 0% used [0x00000000fab80000,0x00000000fab80000,0x00000000fb700000)
 ParOldGen       total 44032K, used 20363K [0x00000000e0000000, 0x00000000e2b00000, 0x00000000f5580000)
  object space 44032K, 46% used [0x00000000e0000000,0x00000000e13e2d08,0x00000000e2b00000)
 Metaspace       used 30812K, capacity 33250K, committed 33408K, reserved 1079296K
  class space    used 3456K, capacity 4205K, committed 4224K, reserved 1048576K
}
Event: 7.330 GC heap before
{Heap before GC invocations=9 (full 1):
 PSYoungGen      total 61440K, used 53879K [0x00000000f5580000, 0x00000000fb700000, 0x0000000100000000)
  eden space 49664K, 100% used [0x00000000f5580000,0x00000000f8600000,0x00000000f8600000)
  from space 11776K, 35% used [0x00000000f8600000,0x00000000f8a1df20,0x00000000f9180000)
  to   space 11776K, 0% used [0x00000000fab80000,0x00000000fab80000,0x00000000fb700000)
 ParOldGen       total 44032K, used 20363K [0x00000000e0000000, 0x00000000e2b00000, 0x00000000f5580000)
  object space 44032K, 46% used [0x00000000e0000000,0x00000000e13e2d08,0x00000000e2b00000)
 Metaspace       used 31116K, capacity 33506K, committed 33664K, reserved 1079296K
  class space    used 3464K, capacity 4205K, committed 4224K, reserved 1048576K
Event: 7.351 GC heap after
Heap after GC invocations=9 (full 1):
 PSYoungGen      total 88576K, used 5902K [0x00000000f5580000, 0x00000000fb800000, 0x0000000100000000)
  eden space 76800K, 0% used [0x00000000f5580000,0x00000000f5580000,0x00000000fa080000)
  from space 11776K, 50% used [0x00000000fab80000,0x00000000fb143b20,0x00000000fb700000)
  to   space 11264K, 0% used [0x00000000fa080000,0x00000000fa080000,0x00000000fab80000)
 ParOldGen       total 44032K, used 20371K [0x00000000e0000000, 0x00000000e2b00000, 0x00000000f5580000)
  object space 44032K, 46% used [0x00000000e0000000,0x00000000e13e4d08,0x00000000e2b00000)
 Metaspace       used 31116K, capacity 33506K, committed 33664K, reserved 1079296K
  class space    used 3464K, capacity 4205K, committed 4224K, reserved 1048576K
}
Event: 8.136 GC heap before
{Heap before GC invocations=10 (full 1):
 PSYoungGen      total 88576K, used 27077K [0x00000000f5580000, 0x00000000fb800000, 0x0000000100000000)
  eden space 76800K, 27% used [0x00000000f5580000,0x00000000f6a2dbf8,0x00000000fa080000)
  from space 11776K, 50% used [0x00000000fab80000,0x00000000fb143b20,0x00000000fb700000)
  to   space 11264K, 0% used [0x00000000fa080000,0x00000000fa080000,0x00000000fab80000)
 ParOldGen       total 44032K, used 20371K [0x00000000e0000000, 0x00000000e2b00000, 0x00000000f5580000)
  object space 44032K, 46% used [0x00000000e0000000,0x00000000e13e4d08,0x00000000e2b00000)
 Metaspace       used 32848K, capacity 35290K, committed 35416K, reserved 1081344K
  class space    used 3599K, capacity 4376K, committed 4440K, reserved 1048576K
Event: 8.143 GC heap after
Heap after GC invocations=10 (full 1):
 PSYoungGen      total 88064K, used 5207K [0x00000000f5580000, 0x00000000fcd00000, 0x0000000100000000)
  eden space 76800K, 0% used [0x00000000f5580000,0x00000000f5580000,0x00000000fa080000)
  from space 11264K, 46% used [0x00000000fa080000,0x00000000fa595c78,0x00000000fab80000)
  to   space 10752K, 0% used [0x00000000fc280000,0x00000000fc280000,0x00000000fcd00000)
 ParOldGen       total 44032K, used 22330K [0x00000000e0000000, 0x00000000e2b00000, 0x00000000f5580000)
  object space 44032K, 50% used [0x00000000e0000000,0x00000000e15ceb18,0x00000000e2b00000)
 Metaspace       used 32848K, capacity 35290K, committed 35416K, reserved 1081344K
  class space    used 3599K, capacity 4376K, committed 4440K, reserved 1048576K
}
Event: 8.143 GC heap before
{Heap before GC invocations=11 (full 2):
 PSYoungGen      total 88064K, used 5207K [0x00000000f5580000, 0x00000000fcd00000, 0x0000000100000000)
  eden space 76800K, 0% used [0x00000000f5580000,0x00000000f5580000,0x00000000fa080000)
  from space 11264K, 46% used [0x00000000fa080000,0x00000000fa595c78,0x00000000fab80000)
  to   space 10752K, 0% used [0x00000000fc280000,0x00000000fc280000,0x00000000fcd00000)
 ParOldGen       total 44032K, used 22330K [0x00000000e0000000, 0x00000000e2b00000, 0x00000000f5580000)
  object space 44032K, 50% used [0x00000000e0000000,0x00000000e15ceb18,0x00000000e2b00000)
 Metaspace       used 32848K, capacity 35290K, committed 35416K, reserved 1081344K
  class space    used 3599K, capacity 4376K, committed 4440K, reserved 1048576K
Event: 8.192 GC heap after
Heap after GC invocations=11 (full 2):
 PSYoungGen      total 88064K, used 0K [0x00000000f5580000, 0x00000000fcd00000, 0x0000000100000000)
  eden space 76800K, 0% used [0x00000000f5580000,0x00000000f5580000,0x00000000fa080000)
  from space 11264K, 0% used [0x00000000fa080000,0x00000000fa080000,0x00000000fab80000)
  to   space 10752K, 0% used [0x00000000fc280000,0x00000000fc280000,0x00000000fcd00000)
 ParOldGen       total 55808K, used 14355K [0x00000000e0000000, 0x00000000e3680000, 0x00000000f5580000)
  object space 55808K, 25% used [0x00000000e0000000,0x00000000e0e04ed0,0x00000000e3680000)
 Metaspace       used 32848K, capacity 35290K, committed 35416K, reserved 1081344K
  class space    used 3599K, capacity 4376K, committed 4440K, reserved 1048576K
}

